<!DOCTYPE html>
<html>
<head>
<meta http-equiv="Content-Type" content="text/html; charset=utf-8"/>
<meta http-equiv="x-ua-compatible" content="IE=edge"/>
<title>Test results - Class autotests.tests.duckActionController.DuckSwimTest</title>
<link href="../css/base-style.css" rel="stylesheet" type="text/css"/>
<link href="../css/style.css" rel="stylesheet" type="text/css"/>
<script src="../js/report.js" type="text/javascript"></script>
</head>
<body>
<div id="content">
<h1>Class autotests.tests.duckActionController.DuckSwimTest</h1>
<div class="breadcrumbs">
<a href="../index.html">all</a> &gt; 
<a href="../packages/autotests.tests.duckActionController.html">autotests.tests.duckActionController</a> &gt; DuckSwimTest</div>
<div id="summary">
<table>
<tr>
<td>
<div class="summaryGroup">
<table>
<tr>
<td>
<div class="infoBox" id="tests">
<div class="counter">2</div>
<p>tests</p>
</div>
</td>
<td>
<div class="infoBox" id="failures">
<div class="counter">2</div>
<p>failures</p>
</div>
</td>
<td>
<div class="infoBox" id="ignored">
<div class="counter">0</div>
<p>ignored</p>
</div>
</td>
<td>
<div class="infoBox" id="duration">
<div class="counter">0.148s</div>
<p>duration</p>
</div>
</td>
</tr>
</table>
</div>
</td>
<td>
<div class="infoBox failures" id="successRate">
<div class="percent">0%</div>
<p>successful</p>
</div>
</td>
</tr>
</table>
</div>
<div id="tabs">
<ul class="tabLinks">
<li>
<a href="#tab0">Failed tests</a>
</li>
<li>
<a href="#tab1">Tests</a>
</li>
<li>
<a href="#tab2">Standard output</a>
</li>
</ul>
<div id="tab0" class="tab">
<h2>Failed tests</h2>
<div class="test">
<a name="swimExistingDuck[0](null)"></a>
<h3 class="failures">swimExistingDuck[0](null)</h3>
<span class="code">
<pre>com.consol.citrus.exceptions.TestCaseFailedException: Validation failed: Values not equal for header element 'citrus_http_reason_phrase', expected 'OK' but was 'NOT_FOUND'
	at app//com.consol.citrus.DefaultTestCase.executeAction(DefaultTestCase.java:143)
	at app//com.consol.citrus.DefaultTestCaseRunner.run(DefaultTestCaseRunner.java:125)
	at app//com.consol.citrus.TestActionRunner.$(TestActionRunner.java:35)
	at app//autotests.clients.DuckActionsClient.validateResponse(DuckActionsClient.java:69)
	at app//autotests.tests.duckActionController.DuckSwimTest.swimExistingDuck(DuckSwimTest.java:36)
	at java.base@11.0.3/jdk.internal.reflect.NativeMethodAccessorImpl.invoke0(Native Method)
	at java.base@11.0.3/jdk.internal.reflect.NativeMethodAccessorImpl.invoke(NativeMethodAccessorImpl.java:62)
	at java.base@11.0.3/jdk.internal.reflect.DelegatingMethodAccessorImpl.invoke(DelegatingMethodAccessorImpl.java:43)
	at java.base@11.0.3/java.lang.reflect.Method.invoke(Method.java:566)
	at app//org.springframework.util.ReflectionUtils.invokeMethod(ReflectionUtils.java:282)
	at app//com.consol.citrus.testng.TestNGHelper.lambda$invokeTestMethod$1(TestNGHelper.java:82)
	at app//com.consol.citrus.common.DefaultTestLoader.lambda$doLoad$1(DefaultTestLoader.java:116)
	at java.base@11.0.3/java.util.ArrayList.forEach(ArrayList.java:1540)
	at app//com.consol.citrus.common.DefaultTestLoader.doLoad(DefaultTestLoader.java:116)
	at app//com.consol.citrus.common.DefaultTestLoader.load(DefaultTestLoader.java:94)
	at app//com.consol.citrus.testng.TestNGHelper.invokeTestMethod(TestNGHelper.java:83)
	at app//com.consol.citrus.testng.spring.TestNGCitrusSpringSupport.run(TestNGCitrusSpringSupport.java:185)
	at app//com.consol.citrus.testng.spring.TestNGCitrusSpringSupport.run(TestNGCitrusSpringSupport.java:101)
	at app//org.testng.internal.invokers.MethodInvocationHelper.invokeHookable(MethodInvocationHelper.java:272)
	at app//org.testng.internal.invokers.TestInvoker.invokeMethod(TestInvoker.java:669)
	at app//org.testng.internal.invokers.TestInvoker.invokeTestMethod(TestInvoker.java:221)
	at app//org.testng.internal.invokers.MethodRunner.runInSequence(MethodRunner.java:50)
	at app//org.testng.internal.invokers.TestInvoker$MethodInvocationAgent.invoke(TestInvoker.java:969)
	at app//org.testng.internal.invokers.TestInvoker.invokeTestMethods(TestInvoker.java:194)
	at app//org.testng.internal.invokers.TestMethodWorker.invokeTestMethods(TestMethodWorker.java:148)
	at app//org.testng.internal.invokers.TestMethodWorker.run(TestMethodWorker.java:128)
	at java.base@11.0.3/java.util.ArrayList.forEach(ArrayList.java:1540)
	at app//org.testng.TestRunner.privateRun(TestRunner.java:829)
	at app//org.testng.TestRunner.run(TestRunner.java:602)
	at app//org.testng.SuiteRunner.runTest(SuiteRunner.java:437)
	at app//org.testng.SuiteRunner.runSequentially(SuiteRunner.java:431)
	at app//org.testng.SuiteRunner.privateRun(SuiteRunner.java:391)
	at app//org.testng.SuiteRunner.run(SuiteRunner.java:330)
	at app//org.testng.SuiteRunnerWorker.runSuite(SuiteRunnerWorker.java:52)
	at app//org.testng.SuiteRunnerWorker.run(SuiteRunnerWorker.java:95)
	at app//org.testng.TestNG.runSuitesSequentially(TestNG.java:1256)
	at app//org.testng.TestNG.runSuitesLocally(TestNG.java:1176)
	at app//org.testng.TestNG.runSuites(TestNG.java:1099)
	at app//org.testng.TestNG.run(TestNG.java:1067)
	at org.gradle.api.internal.tasks.testing.testng.TestNGTestClassProcessor.runTests(TestNGTestClassProcessor.java:153)
	at org.gradle.api.internal.tasks.testing.testng.TestNGTestClassProcessor.stop(TestNGTestClassProcessor.java:96)
	at org.gradle.api.internal.tasks.testing.SuiteTestClassProcessor.stop(SuiteTestClassProcessor.java:62)
	at java.base@11.0.3/jdk.internal.reflect.NativeMethodAccessorImpl.invoke0(Native Method)
	at java.base@11.0.3/jdk.internal.reflect.NativeMethodAccessorImpl.invoke(NativeMethodAccessorImpl.java:62)
	at java.base@11.0.3/jdk.internal.reflect.DelegatingMethodAccessorImpl.invoke(DelegatingMethodAccessorImpl.java:43)
	at java.base@11.0.3/java.lang.reflect.Method.invoke(Method.java:566)
	at org.gradle.internal.dispatch.ReflectionDispatch.dispatch(ReflectionDispatch.java:36)
	at org.gradle.internal.dispatch.ReflectionDispatch.dispatch(ReflectionDispatch.java:24)
	at org.gradle.internal.dispatch.ContextClassLoaderDispatch.dispatch(ContextClassLoaderDispatch.java:33)
	at org.gradle.internal.dispatch.ProxyDispatchAdapter$DispatchingInvocationHandler.invoke(ProxyDispatchAdapter.java:94)
	at com.sun.proxy.$Proxy2.stop(Unknown Source)
	at org.gradle.api.internal.tasks.testing.worker.TestWorker$3.run(TestWorker.java:193)
	at org.gradle.api.internal.tasks.testing.worker.TestWorker.executeAndMaintainThreadName(TestWorker.java:129)
	at org.gradle.api.internal.tasks.testing.worker.TestWorker.execute(TestWorker.java:100)
	at org.gradle.api.internal.tasks.testing.worker.TestWorker.execute(TestWorker.java:60)
	at org.gradle.process.internal.worker.child.ActionExecutionWorker.execute(ActionExecutionWorker.java:56)
	at org.gradle.process.internal.worker.child.SystemApplicationClassLoaderWorker.call(SystemApplicationClassLoaderWorker.java:119)
	at org.gradle.process.internal.worker.child.SystemApplicationClassLoaderWorker.call(SystemApplicationClassLoaderWorker.java:66)
	at app//worker.org.gradle.process.internal.worker.GradleWorkerMain.run(GradleWorkerMain.java:69)
	at app//worker.org.gradle.process.internal.worker.GradleWorkerMain.main(GradleWorkerMain.java:74)
Caused by: com.consol.citrus.exceptions.ValidationException: Validation failed: Values not equal for header element 'citrus_http_reason_phrase', expected 'OK' but was 'NOT_FOUND'
	at app//com.consol.citrus.validation.DefaultHeaderValidator.validateHeader(DefaultHeaderValidator.java:79)
	at app//com.consol.citrus.validation.DefaultMessageHeaderValidator.validateMessage(DefaultMessageHeaderValidator.java:101)
	at app//com.consol.citrus.validation.DefaultMessageHeaderValidator.validateMessage(DefaultMessageHeaderValidator.java:44)
	at app//com.consol.citrus.validation.AbstractMessageValidator.validateMessage(AbstractMessageValidator.java:46)
	at app//com.consol.citrus.actions.ReceiveMessageAction.validateMessage(ReceiveMessageAction.java:279)
	at app//com.consol.citrus.actions.ReceiveMessageAction.doExecute(ReceiveMessageAction.java:168)
	at app//com.consol.citrus.actions.AbstractTestAction.execute(AbstractTestAction.java:59)
	at app//com.consol.citrus.DefaultTestCase.executeAction(DefaultTestCase.java:136)
	... 59 more
Caused by: java.lang.IllegalArgumentException: Values not equal for header element 'citrus_http_reason_phrase', expected 'OK' but was 'NOT_FOUND'
	at org.springframework.util.Assert.isTrue(Assert.java:121)
	at com.consol.citrus.validation.DefaultHeaderValidator.validateHeader(DefaultHeaderValidator.java:66)
	... 66 more
</pre>
</span>
</div>
<div class="test">
<a name="swimNonexistentDuck[0](null)"></a>
<h3 class="failures">swimNonexistentDuck[0](null)</h3>
<span class="code">
<pre>com.consol.citrus.exceptions.TestCaseFailedException: Validation failed: Values not equal for header element 'citrus_http_reason_phrase', expected 'BAD_REQUEST' but was 'NOT_FOUND'
	at app//com.consol.citrus.DefaultTestCase.executeAction(DefaultTestCase.java:143)
	at app//com.consol.citrus.DefaultTestCaseRunner.run(DefaultTestCaseRunner.java:125)
	at app//com.consol.citrus.TestActionRunner.$(TestActionRunner.java:35)
	at app//autotests.clients.DuckActionsClient.validateResponse(DuckActionsClient.java:60)
	at app//autotests.tests.duckActionController.DuckSwimTest.swimNonexistentDuck(DuckSwimTest.java:44)
	at java.base@11.0.3/jdk.internal.reflect.NativeMethodAccessorImpl.invoke0(Native Method)
	at java.base@11.0.3/jdk.internal.reflect.NativeMethodAccessorImpl.invoke(NativeMethodAccessorImpl.java:62)
	at java.base@11.0.3/jdk.internal.reflect.DelegatingMethodAccessorImpl.invoke(DelegatingMethodAccessorImpl.java:43)
	at java.base@11.0.3/java.lang.reflect.Method.invoke(Method.java:566)
	at app//org.springframework.util.ReflectionUtils.invokeMethod(ReflectionUtils.java:282)
	at app//com.consol.citrus.testng.TestNGHelper.lambda$invokeTestMethod$1(TestNGHelper.java:82)
	at app//com.consol.citrus.common.DefaultTestLoader.lambda$doLoad$1(DefaultTestLoader.java:116)
	at java.base@11.0.3/java.util.ArrayList.forEach(ArrayList.java:1540)
	at app//com.consol.citrus.common.DefaultTestLoader.doLoad(DefaultTestLoader.java:116)
	at app//com.consol.citrus.common.DefaultTestLoader.load(DefaultTestLoader.java:94)
	at app//com.consol.citrus.testng.TestNGHelper.invokeTestMethod(TestNGHelper.java:83)
	at app//com.consol.citrus.testng.spring.TestNGCitrusSpringSupport.run(TestNGCitrusSpringSupport.java:185)
	at app//com.consol.citrus.testng.spring.TestNGCitrusSpringSupport.run(TestNGCitrusSpringSupport.java:101)
	at app//org.testng.internal.invokers.MethodInvocationHelper.invokeHookable(MethodInvocationHelper.java:272)
	at app//org.testng.internal.invokers.TestInvoker.invokeMethod(TestInvoker.java:669)
	at app//org.testng.internal.invokers.TestInvoker.invokeTestMethod(TestInvoker.java:221)
	at app//org.testng.internal.invokers.MethodRunner.runInSequence(MethodRunner.java:50)
	at app//org.testng.internal.invokers.TestInvoker$MethodInvocationAgent.invoke(TestInvoker.java:969)
	at app//org.testng.internal.invokers.TestInvoker.invokeTestMethods(TestInvoker.java:194)
	at app//org.testng.internal.invokers.TestMethodWorker.invokeTestMethods(TestMethodWorker.java:148)
	at app//org.testng.internal.invokers.TestMethodWorker.run(TestMethodWorker.java:128)
	at java.base@11.0.3/java.util.ArrayList.forEach(ArrayList.java:1540)
	at app//org.testng.TestRunner.privateRun(TestRunner.java:829)
	at app//org.testng.TestRunner.run(TestRunner.java:602)
	at app//org.testng.SuiteRunner.runTest(SuiteRunner.java:437)
	at app//org.testng.SuiteRunner.runSequentially(SuiteRunner.java:431)
	at app//org.testng.SuiteRunner.privateRun(SuiteRunner.java:391)
	at app//org.testng.SuiteRunner.run(SuiteRunner.java:330)
	at app//org.testng.SuiteRunnerWorker.runSuite(SuiteRunnerWorker.java:52)
	at app//org.testng.SuiteRunnerWorker.run(SuiteRunnerWorker.java:95)
	at app//org.testng.TestNG.runSuitesSequentially(TestNG.java:1256)
	at app//org.testng.TestNG.runSuitesLocally(TestNG.java:1176)
	at app//org.testng.TestNG.runSuites(TestNG.java:1099)
	at app//org.testng.TestNG.run(TestNG.java:1067)
	at org.gradle.api.internal.tasks.testing.testng.TestNGTestClassProcessor.runTests(TestNGTestClassProcessor.java:153)
	at org.gradle.api.internal.tasks.testing.testng.TestNGTestClassProcessor.stop(TestNGTestClassProcessor.java:96)
	at org.gradle.api.internal.tasks.testing.SuiteTestClassProcessor.stop(SuiteTestClassProcessor.java:62)
	at java.base@11.0.3/jdk.internal.reflect.NativeMethodAccessorImpl.invoke0(Native Method)
	at java.base@11.0.3/jdk.internal.reflect.NativeMethodAccessorImpl.invoke(NativeMethodAccessorImpl.java:62)
	at java.base@11.0.3/jdk.internal.reflect.DelegatingMethodAccessorImpl.invoke(DelegatingMethodAccessorImpl.java:43)
	at java.base@11.0.3/java.lang.reflect.Method.invoke(Method.java:566)
	at org.gradle.internal.dispatch.ReflectionDispatch.dispatch(ReflectionDispatch.java:36)
	at org.gradle.internal.dispatch.ReflectionDispatch.dispatch(ReflectionDispatch.java:24)
	at org.gradle.internal.dispatch.ContextClassLoaderDispatch.dispatch(ContextClassLoaderDispatch.java:33)
	at org.gradle.internal.dispatch.ProxyDispatchAdapter$DispatchingInvocationHandler.invoke(ProxyDispatchAdapter.java:94)
	at com.sun.proxy.$Proxy2.stop(Unknown Source)
	at org.gradle.api.internal.tasks.testing.worker.TestWorker$3.run(TestWorker.java:193)
	at org.gradle.api.internal.tasks.testing.worker.TestWorker.executeAndMaintainThreadName(TestWorker.java:129)
	at org.gradle.api.internal.tasks.testing.worker.TestWorker.execute(TestWorker.java:100)
	at org.gradle.api.internal.tasks.testing.worker.TestWorker.execute(TestWorker.java:60)
	at org.gradle.process.internal.worker.child.ActionExecutionWorker.execute(ActionExecutionWorker.java:56)
	at org.gradle.process.internal.worker.child.SystemApplicationClassLoaderWorker.call(SystemApplicationClassLoaderWorker.java:119)
	at org.gradle.process.internal.worker.child.SystemApplicationClassLoaderWorker.call(SystemApplicationClassLoaderWorker.java:66)
	at app//worker.org.gradle.process.internal.worker.GradleWorkerMain.run(GradleWorkerMain.java:69)
	at app//worker.org.gradle.process.internal.worker.GradleWorkerMain.main(GradleWorkerMain.java:74)
Caused by: com.consol.citrus.exceptions.ValidationException: Validation failed: Values not equal for header element 'citrus_http_reason_phrase', expected 'BAD_REQUEST' but was 'NOT_FOUND'
	at app//com.consol.citrus.validation.DefaultHeaderValidator.validateHeader(DefaultHeaderValidator.java:79)
	at app//com.consol.citrus.validation.DefaultMessageHeaderValidator.validateMessage(DefaultMessageHeaderValidator.java:101)
	at app//com.consol.citrus.validation.DefaultMessageHeaderValidator.validateMessage(DefaultMessageHeaderValidator.java:44)
	at app//com.consol.citrus.validation.AbstractMessageValidator.validateMessage(AbstractMessageValidator.java:46)
	at app//com.consol.citrus.actions.ReceiveMessageAction.validateMessage(ReceiveMessageAction.java:279)
	at app//com.consol.citrus.actions.ReceiveMessageAction.doExecute(ReceiveMessageAction.java:168)
	at app//com.consol.citrus.actions.AbstractTestAction.execute(AbstractTestAction.java:59)
	at app//com.consol.citrus.DefaultTestCase.executeAction(DefaultTestCase.java:136)
	... 59 more
Caused by: java.lang.IllegalArgumentException: Values not equal for header element 'citrus_http_reason_phrase', expected 'BAD_REQUEST' but was 'NOT_FOUND'
	at org.springframework.util.Assert.isTrue(Assert.java:121)
	at com.consol.citrus.validation.DefaultHeaderValidator.validateHeader(DefaultHeaderValidator.java:66)
	... 66 more
</pre>
</span>
</div>
</div>
<div id="tab1" class="tab">
<h2>Tests</h2>
<table>
<thead>
<tr>
<th>Test</th>
<th>Duration</th>
<th>Result</th>
</tr>
</thead>
<tr>
<td class="failures">swimExistingDuck[0](null)</td>
<td class="failures">0.114s</td>
<td class="failures">failed</td>
</tr>
<tr>
<td class="failures">swimNonexistentDuck[0](null)</td>
<td class="failures">0.034s</td>
<td class="failures">failed</td>
</tr>
</table>
</div>
<div id="tab2" class="tab">
<h2>Standard output</h2>
<span class="code">
<pre>08:50:47,247 DEBUG   util.TypeConverter| Using type converter 'spring'
08:50:47,250 INFO  port.LoggingReporter| 
08:50:47,250 INFO  port.LoggingReporter| ------------------------------------------------------------------------
08:50:47,250 DEBUG port.LoggingReporter| STARTING TEST DuckSwimTest.swimExistingDuck &lt;autotests.tests.duckActionController&gt;
08:50:47,250 INFO  port.LoggingReporter| 
08:50:47,250 DEBUG trus.DefaultTestCase| Initializing test case
08:50:47,251 DEBUG  context.TestContext| Setting variable: citrus.test.name with value: 'DuckSwimTest.swimExistingDuck'
08:50:47,251 DEBUG  context.TestContext| Setting variable: citrus.test.package with value: 'autotests.tests.duckActionController'
08:50:47,251 DEBUG trus.DefaultTestCase| Initializing test parameter 'arg0' as variable
08:50:47,251 DEBUG  context.TestContext| Setting variable: arg0 with value: 'com.consol.citrus.DefaultTestCaseRunner@4a7ac98b'
08:50:47,251 DEBUG trus.DefaultTestCase| Test variables:
08:50:47,251 DEBUG trus.DefaultTestCase| citrus.test.package = autotests.tests.duckActionController
08:50:47,251 DEBUG trus.DefaultTestCase| arg0 = com.consol.citrus.DefaultTestCaseRunner@4a7ac98b
08:50:47,251 DEBUG trus.DefaultTestCase| citrus.test.name = DuckSwimTest.swimExistingDuck
08:50:47,252 DEBUG  context.TestContext| Setting variable: duckId with value: '225092568'
08:50:47,255 INFO  port.LoggingReporter| 
08:50:47,255 DEBUG port.LoggingReporter| TEST STEP 0: sql
08:50:47,255 DEBUG ons.ExecuteSQLAction| Executing SQL statement: insert into DUCK (id, color, height, material, sound, wings_state)
values (225092568, 'yellow', 0.15, 'rubber', 'quack','ACTIVE')
08:50:47,273 INFO  ons.ExecuteSQLAction| SQL statement execution successful
08:50:47,273 INFO  port.LoggingReporter| 
08:50:47,273 DEBUG port.LoggingReporter| TEST STEP 0 SUCCESS
08:50:47,275 INFO  port.LoggingReporter| 
08:50:47,276 DEBUG port.LoggingReporter| TEST STEP 0: send
08:50:47,276 DEBUG ltCorrelationManager| Saving correlation key for 'citrus_message_correlator_yellowDuckService'
08:50:47,276 DEBUG  context.TestContext| Setting variable: citrus_message_correlator_yellowDuckService with value: 'citrus_message_id = 'e7dbb974-ec33-4f7f-a1d8-f4f3c040b302''
08:50:47,276 DEBUG  context.TestContext| Setting variable: citrus_message_replyTo_citrus_message_correlator_yellowDuckService with value: 'http://localhost:2222/api/duck/action/swim?id=225092568'
08:50:47,276 INFO     client.HttpClient| Sending HTTP message to: 'http://localhost:2222/api/duck/action/swim?id=225092568'
08:50:47,276 DEBUG    client.HttpClient| Message to send:

08:50:47,277 DEBUG ingClientInterceptor| Sending Http request message
08:50:47,277 DEBUG   util.TypeConverter| Using type converter 'spring'
08:50:47,306 DEBUG ingClientInterceptor| Received Http response message
08:50:47,306 DEBUG   util.TypeConverter| Using type converter 'spring'
08:50:47,333 INFO     client.HttpClient| Caught HTTP rest client exception: 404 Not Found
08:50:47,333 INFO     client.HttpClient| Propagating HTTP rest client exception according to error handling strategy
08:50:47,333 DEBUG ltCorrelationManager| Saving correlated object for 'citrus_message_id = 'e7dbb974-ec33-4f7f-a1d8-f4f3c040b302''
08:50:47,333 INFO  port.LoggingReporter| 
08:50:47,333 DEBUG port.LoggingReporter| TEST STEP 0 SUCCESS
08:50:47,334 INFO  port.LoggingReporter| 
08:50:47,334 DEBUG port.LoggingReporter| TEST STEP 0: receive
08:50:47,334 DEBUG ngCorrelationManager| Get correlation key for 'citrus_message_correlator_yellowDuckService'
08:50:47,334 DEBUG ltCorrelationManager| Finding correlated object for 'citrus_message_id = 'e7dbb974-ec33-4f7f-a1d8-f4f3c040b302''
08:50:47,335 DEBUG ReceiveMessageAction| Received message:
HTTPMESSAGE [id: c0c522d0-df96-47a3-bddc-4c76658f225d, payload: {
  &quot;message&quot;: &quot;Paws are not found ((((&quot;
}][headers: {Transfer-Encoding=chunked, Connection=keep-alive, contentType=application/json, Date=1738201846000, citrus_message_id=c0c522d0-df96-47a3-bddc-4c76658f225d, citrus_message_timestamp=1738201847333, Keep-Alive=timeout=60, Content-Type=application/json, citrus_http_status_code=404, citrus_http_reason_phrase=NOT_FOUND, citrus_http_version=HTTP/1.1}]
08:50:47,341 DEBUG ReceiveMessageAction| Control message:
HTTPMESSAGE [id: 612845bb-a2aa-4c08-99bf-04ded4abae0d, payload: {
  &quot;message&quot;: &quot;I'm swimming&quot;
}][headers: {citrus_message_id=612845bb-a2aa-4c08-99bf-04ded4abae0d, citrus_message_timestamp=1738201847334, citrus_http_reason_phrase=OK, citrus_http_status_code=200, Content-Type=application/json, citrus_message_type=XML}]
08:50:47,344 DEBUG ageValidatorRegistry| Found 3 message validators for message
08:50:47,345 DEBUG ssageHeaderValidator| Start message header validation ...
08:50:47,347 DEBUG trus.DefaultTestCase| Entering finally block in test case
08:50:47,347 INFO  port.LoggingReporter| 
08:50:47,348 DEBUG port.LoggingReporter| TEST STEP 0: DuckSwimTest$$Lambda$658/0x000000010059f040
08:50:47,349 INFO  port.LoggingReporter| 
08:50:47,349 DEBUG port.LoggingReporter| TEST STEP 0: sql
08:50:47,349 DEBUG ons.ExecuteSQLAction| Executing SQL statement: DELETE FROM DUCK WHERE ID=225092568
08:50:47,353 INFO  ons.ExecuteSQLAction| SQL statement execution successful
08:50:47,353 INFO  port.LoggingReporter| 
08:50:47,353 DEBUG port.LoggingReporter| TEST STEP 0 SUCCESS
08:50:47,353 INFO  port.LoggingReporter| 
08:50:47,353 DEBUG port.LoggingReporter| TEST STEP 0 SUCCESS
08:50:47,353 INFO  port.LoggingReporter| 
08:50:47,353 ERROR port.LoggingReporter| TEST FAILED DuckSwimTest.swimExistingDuck &lt;autotests.tests.duckActionController&gt; Nested exception is: 
com.consol.citrus.exceptions.ValidationException: Validation failed: Values not equal for header element 'citrus_http_reason_phrase', expected 'OK' but was 'NOT_FOUND'
	at com.consol.citrus.validation.DefaultHeaderValidator.validateHeader(DefaultHeaderValidator.java:79)
	at com.consol.citrus.validation.DefaultMessageHeaderValidator.validateMessage(DefaultMessageHeaderValidator.java:101)
	at com.consol.citrus.validation.DefaultMessageHeaderValidator.validateMessage(DefaultMessageHeaderValidator.java:44)
	at com.consol.citrus.validation.AbstractMessageValidator.validateMessage(AbstractMessageValidator.java:46)
	at com.consol.citrus.actions.ReceiveMessageAction.validateMessage(ReceiveMessageAction.java:279)
	at com.consol.citrus.actions.ReceiveMessageAction.doExecute(ReceiveMessageAction.java:168)
	at com.consol.citrus.actions.AbstractTestAction.execute(AbstractTestAction.java:59)
	at com.consol.citrus.DefaultTestCase.executeAction(DefaultTestCase.java:136)
	at com.consol.citrus.DefaultTestCaseRunner.run(DefaultTestCaseRunner.java:125)
	at com.consol.citrus.TestActionRunner.$(TestActionRunner.java:35)
	at autotests.clients.DuckActionsClient.validateResponse(DuckActionsClient.java:69)
	at autotests.tests.duckActionController.DuckSwimTest.swimExistingDuck(DuckSwimTest.java:36)
	at java.base/jdk.internal.reflect.NativeMethodAccessorImpl.invoke0(Native Method)
	at java.base/jdk.internal.reflect.NativeMethodAccessorImpl.invoke(NativeMethodAccessorImpl.java:62)
	at java.base/jdk.internal.reflect.DelegatingMethodAccessorImpl.invoke(DelegatingMethodAccessorImpl.java:43)
	at java.base/java.lang.reflect.Method.invoke(Method.java:566)
	at org.springframework.util.ReflectionUtils.invokeMethod(ReflectionUtils.java:282)
	at com.consol.citrus.testng.TestNGHelper.lambda$invokeTestMethod$1(TestNGHelper.java:82)
	at com.consol.citrus.common.DefaultTestLoader.lambda$doLoad$1(DefaultTestLoader.java:116)
	at java.base/java.util.ArrayList.forEach(ArrayList.java:1540)
	at com.consol.citrus.common.DefaultTestLoader.doLoad(DefaultTestLoader.java:116)
	at com.consol.citrus.common.DefaultTestLoader.load(DefaultTestLoader.java:94)
	at com.consol.citrus.testng.TestNGHelper.invokeTestMethod(TestNGHelper.java:83)
	at com.consol.citrus.testng.spring.TestNGCitrusSpringSupport.run(TestNGCitrusSpringSupport.java:185)
	at com.consol.citrus.testng.spring.TestNGCitrusSpringSupport.run(TestNGCitrusSpringSupport.java:101)
	at org.testng.internal.invokers.MethodInvocationHelper.invokeHookable(MethodInvocationHelper.java:272)
	at org.testng.internal.invokers.TestInvoker.invokeMethod(TestInvoker.java:669)
	at org.testng.internal.invokers.TestInvoker.invokeTestMethod(TestInvoker.java:221)
	at org.testng.internal.invokers.MethodRunner.runInSequence(MethodRunner.java:50)
	at org.testng.internal.invokers.TestInvoker$MethodInvocationAgent.invoke(TestInvoker.java:969)
	at org.testng.internal.invokers.TestInvoker.invokeTestMethods(TestInvoker.java:194)
	at org.testng.internal.invokers.TestMethodWorker.invokeTestMethods(TestMethodWorker.java:148)
	at org.testng.internal.invokers.TestMethodWorker.run(TestMethodWorker.java:128)
	at java.base/java.util.ArrayList.forEach(ArrayList.java:1540)
	at org.testng.TestRunner.privateRun(TestRunner.java:829)
	at org.testng.TestRunner.run(TestRunner.java:602)
	at org.testng.SuiteRunner.runTest(SuiteRunner.java:437)
	at org.testng.SuiteRunner.runSequentially(SuiteRunner.java:431)
	at org.testng.SuiteRunner.privateRun(SuiteRunner.java:391)
	at org.testng.SuiteRunner.run(SuiteRunner.java:330)
	at org.testng.SuiteRunnerWorker.runSuite(SuiteRunnerWorker.java:52)
	at org.testng.SuiteRunnerWorker.run(SuiteRunnerWorker.java:95)
	at org.testng.TestNG.runSuitesSequentially(TestNG.java:1256)
	at org.testng.TestNG.runSuitesLocally(TestNG.java:1176)
	at org.testng.TestNG.runSuites(TestNG.java:1099)
	at org.testng.TestNG.run(TestNG.java:1067)
	at org.gradle.api.internal.tasks.testing.testng.TestNGTestClassProcessor.runTests(TestNGTestClassProcessor.java:153)
	at org.gradle.api.internal.tasks.testing.testng.TestNGTestClassProcessor.stop(TestNGTestClassProcessor.java:96)
	at org.gradle.api.internal.tasks.testing.SuiteTestClassProcessor.stop(SuiteTestClassProcessor.java:62)
	at java.base/jdk.internal.reflect.NativeMethodAccessorImpl.invoke0(Native Method)
	at java.base/jdk.internal.reflect.NativeMethodAccessorImpl.invoke(NativeMethodAccessorImpl.java:62)
	at java.base/jdk.internal.reflect.DelegatingMethodAccessorImpl.invoke(DelegatingMethodAccessorImpl.java:43)
	at java.base/java.lang.reflect.Method.invoke(Method.java:566)
	at org.gradle.internal.dispatch.ReflectionDispatch.dispatch(ReflectionDispatch.java:36)
	at org.gradle.internal.dispatch.ReflectionDispatch.dispatch(ReflectionDispatch.java:24)
	at org.gradle.internal.dispatch.ContextClassLoaderDispatch.dispatch(ContextClassLoaderDispatch.java:33)
	at org.gradle.internal.dispatch.ProxyDispatchAdapter$DispatchingInvocationHandler.invoke(ProxyDispatchAdapter.java:94)
	at com.sun.proxy.$Proxy2.stop(Unknown Source)
	at org.gradle.api.internal.tasks.testing.worker.TestWorker$3.run(TestWorker.java:193)
	at org.gradle.api.internal.tasks.testing.worker.TestWorker.executeAndMaintainThreadName(TestWorker.java:129)
	at org.gradle.api.internal.tasks.testing.worker.TestWorker.execute(TestWorker.java:100)
	at org.gradle.api.internal.tasks.testing.worker.TestWorker.execute(TestWorker.java:60)
	at org.gradle.process.internal.worker.child.ActionExecutionWorker.execute(ActionExecutionWorker.java:56)
	at org.gradle.process.internal.worker.child.SystemApplicationClassLoaderWorker.call(SystemApplicationClassLoaderWorker.java:119)
	at org.gradle.process.internal.worker.child.SystemApplicationClassLoaderWorker.call(SystemApplicationClassLoaderWorker.java:66)
	at worker.org.gradle.process.internal.worker.GradleWorkerMain.run(GradleWorkerMain.java:69)
	at worker.org.gradle.process.internal.worker.GradleWorkerMain.main(GradleWorkerMain.java:74)
Caused by: java.lang.IllegalArgumentException: Values not equal for header element 'citrus_http_reason_phrase', expected 'OK' but was 'NOT_FOUND'
	at org.springframework.util.Assert.isTrue(Assert.java:121)
	at com.consol.citrus.validation.DefaultHeaderValidator.validateHeader(DefaultHeaderValidator.java:66)
	... 66 more
08:50:47,354 INFO  port.LoggingReporter| ------------------------------------------------------------------------
08:50:47,354 INFO  port.LoggingReporter| 
08:50:47,374 DEBUG   util.TypeConverter| Using type converter 'spring'
08:50:47,377 INFO  port.LoggingReporter| 
08:50:47,377 INFO  port.LoggingReporter| ------------------------------------------------------------------------
08:50:47,377 DEBUG port.LoggingReporter| STARTING TEST DuckSwimTest.swimNonexistentDuck &lt;autotests.tests.duckActionController&gt;
08:50:47,377 INFO  port.LoggingReporter| 
08:50:47,377 DEBUG trus.DefaultTestCase| Initializing test case
08:50:47,377 DEBUG  context.TestContext| Setting variable: citrus.test.name with value: 'DuckSwimTest.swimNonexistentDuck'
08:50:47,377 DEBUG  context.TestContext| Setting variable: citrus.test.package with value: 'autotests.tests.duckActionController'
08:50:47,377 DEBUG trus.DefaultTestCase| Initializing test parameter 'arg0' as variable
08:50:47,377 DEBUG  context.TestContext| Setting variable: arg0 with value: 'com.consol.citrus.DefaultTestCaseRunner@a1e578f'
08:50:47,377 DEBUG trus.DefaultTestCase| Test variables:
08:50:47,378 DEBUG trus.DefaultTestCase| citrus.test.package = autotests.tests.duckActionController
08:50:47,378 DEBUG trus.DefaultTestCase| arg0 = com.consol.citrus.DefaultTestCaseRunner@a1e578f
08:50:47,378 DEBUG trus.DefaultTestCase| citrus.test.name = DuckSwimTest.swimNonexistentDuck
08:50:47,379 INFO  port.LoggingReporter| 
08:50:47,379 DEBUG port.LoggingReporter| TEST STEP 0: send
08:50:47,379 DEBUG ltCorrelationManager| Saving correlation key for 'citrus_message_correlator_yellowDuckService'
08:50:47,379 DEBUG  context.TestContext| Setting variable: citrus_message_correlator_yellowDuckService with value: 'citrus_message_id = '72e20dc9-8f14-4a26-bebb-609f35ebfcaf''
08:50:47,379 DEBUG  context.TestContext| Setting variable: citrus_message_replyTo_citrus_message_correlator_yellowDuckService with value: 'http://localhost:2222/api/duck/action/swim?id=0'
08:50:47,380 INFO     client.HttpClient| Sending HTTP message to: 'http://localhost:2222/api/duck/action/swim?id=0'
08:50:47,380 DEBUG    client.HttpClient| Message to send:

08:50:47,380 DEBUG ingClientInterceptor| Sending Http request message
08:50:47,380 DEBUG   util.TypeConverter| Using type converter 'spring'
08:50:47,395 DEBUG ingClientInterceptor| Received Http response message
08:50:47,395 DEBUG   util.TypeConverter| Using type converter 'spring'
08:50:47,398 INFO     client.HttpClient| Caught HTTP rest client exception: 404 Not Found
08:50:47,398 INFO     client.HttpClient| Propagating HTTP rest client exception according to error handling strategy
08:50:47,399 DEBUG ltCorrelationManager| Saving correlated object for 'citrus_message_id = '72e20dc9-8f14-4a26-bebb-609f35ebfcaf''
08:50:47,399 INFO  port.LoggingReporter| 
08:50:47,399 DEBUG port.LoggingReporter| TEST STEP 0 SUCCESS
08:50:47,399 INFO  port.LoggingReporter| 
08:50:47,399 DEBUG port.LoggingReporter| TEST STEP 0: receive
08:50:47,399 DEBUG ngCorrelationManager| Get correlation key for 'citrus_message_correlator_yellowDuckService'
08:50:47,399 DEBUG ltCorrelationManager| Finding correlated object for 'citrus_message_id = '72e20dc9-8f14-4a26-bebb-609f35ebfcaf''
08:50:47,400 DEBUG ReceiveMessageAction| Received message:
HTTPMESSAGE [id: be37978c-fda3-4b59-9475-b6126538ff55, payload: {
  &quot;message&quot;: &quot;Paws are not found ((((&quot;
}][headers: {Transfer-Encoding=chunked, Connection=keep-alive, contentType=application/json, Date=1738201847000, citrus_message_id=be37978c-fda3-4b59-9475-b6126538ff55, citrus_message_timestamp=1738201847398, Keep-Alive=timeout=60, Content-Type=application/json, citrus_http_status_code=404, citrus_http_reason_phrase=NOT_FOUND, citrus_http_version=HTTP/1.1}]
08:50:47,401 DEBUG ReceiveMessageAction| Control message:
HTTPMESSAGE [id: bdf46d61-d09c-4756-b756-5845cd83c651, payload: {

  &quot;message&quot;: &quot;@ignore@&quot;
}][headers: {citrus_message_id=bdf46d61-d09c-4756-b756-5845cd83c651, citrus_message_timestamp=1738201847399, citrus_http_reason_phrase=BAD_REQUEST, citrus_http_status_code=400, Content-Type=application/json, citrus_message_type=XML}]
08:50:47,401 DEBUG ageValidatorRegistry| Found 3 message validators for message
08:50:47,401 DEBUG ssageHeaderValidator| Start message header validation ...
08:50:47,404 INFO  port.LoggingReporter| 
08:50:47,404 ERROR port.LoggingReporter| TEST FAILED DuckSwimTest.swimNonexistentDuck &lt;autotests.tests.duckActionController&gt; Nested exception is: 
com.consol.citrus.exceptions.ValidationException: Validation failed: Values not equal for header element 'citrus_http_reason_phrase', expected 'BAD_REQUEST' but was 'NOT_FOUND'
	at com.consol.citrus.validation.DefaultHeaderValidator.validateHeader(DefaultHeaderValidator.java:79)
	at com.consol.citrus.validation.DefaultMessageHeaderValidator.validateMessage(DefaultMessageHeaderValidator.java:101)
	at com.consol.citrus.validation.DefaultMessageHeaderValidator.validateMessage(DefaultMessageHeaderValidator.java:44)
	at com.consol.citrus.validation.AbstractMessageValidator.validateMessage(AbstractMessageValidator.java:46)
	at com.consol.citrus.actions.ReceiveMessageAction.validateMessage(ReceiveMessageAction.java:279)
	at com.consol.citrus.actions.ReceiveMessageAction.doExecute(ReceiveMessageAction.java:168)
	at com.consol.citrus.actions.AbstractTestAction.execute(AbstractTestAction.java:59)
	at com.consol.citrus.DefaultTestCase.executeAction(DefaultTestCase.java:136)
	at com.consol.citrus.DefaultTestCaseRunner.run(DefaultTestCaseRunner.java:125)
	at com.consol.citrus.TestActionRunner.$(TestActionRunner.java:35)
	at autotests.clients.DuckActionsClient.validateResponse(DuckActionsClient.java:60)
	at autotests.tests.duckActionController.DuckSwimTest.swimNonexistentDuck(DuckSwimTest.java:44)
	at java.base/jdk.internal.reflect.NativeMethodAccessorImpl.invoke0(Native Method)
	at java.base/jdk.internal.reflect.NativeMethodAccessorImpl.invoke(NativeMethodAccessorImpl.java:62)
	at java.base/jdk.internal.reflect.DelegatingMethodAccessorImpl.invoke(DelegatingMethodAccessorImpl.java:43)
	at java.base/java.lang.reflect.Method.invoke(Method.java:566)
	at org.springframework.util.ReflectionUtils.invokeMethod(ReflectionUtils.java:282)
	at com.consol.citrus.testng.TestNGHelper.lambda$invokeTestMethod$1(TestNGHelper.java:82)
	at com.consol.citrus.common.DefaultTestLoader.lambda$doLoad$1(DefaultTestLoader.java:116)
	at java.base/java.util.ArrayList.forEach(ArrayList.java:1540)
	at com.consol.citrus.common.DefaultTestLoader.doLoad(DefaultTestLoader.java:116)
	at com.consol.citrus.common.DefaultTestLoader.load(DefaultTestLoader.java:94)
	at com.consol.citrus.testng.TestNGHelper.invokeTestMethod(TestNGHelper.java:83)
	at com.consol.citrus.testng.spring.TestNGCitrusSpringSupport.run(TestNGCitrusSpringSupport.java:185)
	at com.consol.citrus.testng.spring.TestNGCitrusSpringSupport.run(TestNGCitrusSpringSupport.java:101)
	at org.testng.internal.invokers.MethodInvocationHelper.invokeHookable(MethodInvocationHelper.java:272)
	at org.testng.internal.invokers.TestInvoker.invokeMethod(TestInvoker.java:669)
	at org.testng.internal.invokers.TestInvoker.invokeTestMethod(TestInvoker.java:221)
	at org.testng.internal.invokers.MethodRunner.runInSequence(MethodRunner.java:50)
	at org.testng.internal.invokers.TestInvoker$MethodInvocationAgent.invoke(TestInvoker.java:969)
	at org.testng.internal.invokers.TestInvoker.invokeTestMethods(TestInvoker.java:194)
	at org.testng.internal.invokers.TestMethodWorker.invokeTestMethods(TestMethodWorker.java:148)
	at org.testng.internal.invokers.TestMethodWorker.run(TestMethodWorker.java:128)
	at java.base/java.util.ArrayList.forEach(ArrayList.java:1540)
	at org.testng.TestRunner.privateRun(TestRunner.java:829)
	at org.testng.TestRunner.run(TestRunner.java:602)
	at org.testng.SuiteRunner.runTest(SuiteRunner.java:437)
	at org.testng.SuiteRunner.runSequentially(SuiteRunner.java:431)
	at org.testng.SuiteRunner.privateRun(SuiteRunner.java:391)
	at org.testng.SuiteRunner.run(SuiteRunner.java:330)
	at org.testng.SuiteRunnerWorker.runSuite(SuiteRunnerWorker.java:52)
	at org.testng.SuiteRunnerWorker.run(SuiteRunnerWorker.java:95)
	at org.testng.TestNG.runSuitesSequentially(TestNG.java:1256)
	at org.testng.TestNG.runSuitesLocally(TestNG.java:1176)
	at org.testng.TestNG.runSuites(TestNG.java:1099)
	at org.testng.TestNG.run(TestNG.java:1067)
	at org.gradle.api.internal.tasks.testing.testng.TestNGTestClassProcessor.runTests(TestNGTestClassProcessor.java:153)
	at org.gradle.api.internal.tasks.testing.testng.TestNGTestClassProcessor.stop(TestNGTestClassProcessor.java:96)
	at org.gradle.api.internal.tasks.testing.SuiteTestClassProcessor.stop(SuiteTestClassProcessor.java:62)
	at java.base/jdk.internal.reflect.NativeMethodAccessorImpl.invoke0(Native Method)
	at java.base/jdk.internal.reflect.NativeMethodAccessorImpl.invoke(NativeMethodAccessorImpl.java:62)
	at java.base/jdk.internal.reflect.DelegatingMethodAccessorImpl.invoke(DelegatingMethodAccessorImpl.java:43)
	at java.base/java.lang.reflect.Method.invoke(Method.java:566)
	at org.gradle.internal.dispatch.ReflectionDispatch.dispatch(ReflectionDispatch.java:36)
	at org.gradle.internal.dispatch.ReflectionDispatch.dispatch(ReflectionDispatch.java:24)
	at org.gradle.internal.dispatch.ContextClassLoaderDispatch.dispatch(ContextClassLoaderDispatch.java:33)
	at org.gradle.internal.dispatch.ProxyDispatchAdapter$DispatchingInvocationHandler.invoke(ProxyDispatchAdapter.java:94)
	at com.sun.proxy.$Proxy2.stop(Unknown Source)
	at org.gradle.api.internal.tasks.testing.worker.TestWorker$3.run(TestWorker.java:193)
	at org.gradle.api.internal.tasks.testing.worker.TestWorker.executeAndMaintainThreadName(TestWorker.java:129)
	at org.gradle.api.internal.tasks.testing.worker.TestWorker.execute(TestWorker.java:100)
	at org.gradle.api.internal.tasks.testing.worker.TestWorker.execute(TestWorker.java:60)
	at org.gradle.process.internal.worker.child.ActionExecutionWorker.execute(ActionExecutionWorker.java:56)
	at org.gradle.process.internal.worker.child.SystemApplicationClassLoaderWorker.call(SystemApplicationClassLoaderWorker.java:119)
	at org.gradle.process.internal.worker.child.SystemApplicationClassLoaderWorker.call(SystemApplicationClassLoaderWorker.java:66)
	at worker.org.gradle.process.internal.worker.GradleWorkerMain.run(GradleWorkerMain.java:69)
	at worker.org.gradle.process.internal.worker.GradleWorkerMain.main(GradleWorkerMain.java:74)
Caused by: java.lang.IllegalArgumentException: Values not equal for header element 'citrus_http_reason_phrase', expected 'BAD_REQUEST' but was 'NOT_FOUND'
	at org.springframework.util.Assert.isTrue(Assert.java:121)
	at com.consol.citrus.validation.DefaultHeaderValidator.validateHeader(DefaultHeaderValidator.java:66)
	... 66 more
08:50:47,404 INFO  port.LoggingReporter| ------------------------------------------------------------------------
08:50:47,404 INFO  port.LoggingReporter| 
</pre>
</span>
</div>
</div>
<div id="footer">
<p>
<div>
<label class="hidden" id="label-for-line-wrapping-toggle" for="line-wrapping-toggle">Wrap lines
<input id="line-wrapping-toggle" type="checkbox" autocomplete="off"/>
</label>
</div>Generated by 
<a href="http://www.gradle.org">Gradle 8.8</a> at 30 янв. 2025 г., 8:50:49</p>
</div>
</div>
</body>
</html>
