<!DOCTYPE html>
<html>
<head>
<meta http-equiv="Content-Type" content="text/html; charset=utf-8"/>
<meta http-equiv="x-ua-compatible" content="IE=edge"/>
<title>Test results - Class autotests.tests.duckController.DuckUpdateTest</title>
<link href="../css/base-style.css" rel="stylesheet" type="text/css"/>
<link href="../css/style.css" rel="stylesheet" type="text/css"/>
<script src="../js/report.js" type="text/javascript"></script>
</head>
<body>
<div id="content">
<h1>Class autotests.tests.duckController.DuckUpdateTest</h1>
<div class="breadcrumbs">
<a href="../index.html">all</a> &gt; 
<a href="../packages/autotests.tests.duckController.html">autotests.tests.duckController</a> &gt; DuckUpdateTest</div>
<div id="summary">
<table>
<tr>
<td>
<div class="summaryGroup">
<table>
<tr>
<td>
<div class="infoBox" id="tests">
<div class="counter">2</div>
<p>tests</p>
</div>
</td>
<td>
<div class="infoBox" id="failures">
<div class="counter">1</div>
<p>failures</p>
</div>
</td>
<td>
<div class="infoBox" id="ignored">
<div class="counter">0</div>
<p>ignored</p>
</div>
</td>
<td>
<div class="infoBox" id="duration">
<div class="counter">0.194s</div>
<p>duration</p>
</div>
</td>
</tr>
</table>
</div>
</td>
<td>
<div class="infoBox failures" id="successRate">
<div class="percent">50%</div>
<p>successful</p>
</div>
</td>
</tr>
</table>
</div>
<div id="tabs">
<ul class="tabLinks">
<li>
<a href="#tab0">Failed tests</a>
</li>
<li>
<a href="#tab1">Tests</a>
</li>
<li>
<a href="#tab2">Standard output</a>
</li>
</ul>
<div id="tab0" class="tab">
<h2>Failed tests</h2>
<div class="test">
<a name="updateColorAndSoundDuck[0](null)"></a>
<h3 class="failures">updateColorAndSoundDuck[0](null)</h3>
<span class="code">
<pre>com.consol.citrus.exceptions.TestCaseFailedException: Validation failed: Values not equal for header element 'citrus_http_reason_phrase', expected 'BAD_REQUEST' but was 'OK'
	at app//com.consol.citrus.DefaultTestCase.executeAction(DefaultTestCase.java:143)
	at app//com.consol.citrus.DefaultTestCaseRunner.run(DefaultTestCaseRunner.java:125)
	at app//com.consol.citrus.TestActionRunner.$(TestActionRunner.java:35)
	at app//autotests.clients.DuckActionsClient.validateResponse(DuckActionsClient.java:60)
	at app//autotests.tests.duckController.DuckUpdateTest.updateColorAndSoundDuck(DuckUpdateTest.java:55)
	at java.base@11.0.3/jdk.internal.reflect.NativeMethodAccessorImpl.invoke0(Native Method)
	at java.base@11.0.3/jdk.internal.reflect.NativeMethodAccessorImpl.invoke(NativeMethodAccessorImpl.java:62)
	at java.base@11.0.3/jdk.internal.reflect.DelegatingMethodAccessorImpl.invoke(DelegatingMethodAccessorImpl.java:43)
	at java.base@11.0.3/java.lang.reflect.Method.invoke(Method.java:566)
	at app//org.springframework.util.ReflectionUtils.invokeMethod(ReflectionUtils.java:282)
	at app//com.consol.citrus.testng.TestNGHelper.lambda$invokeTestMethod$1(TestNGHelper.java:82)
	at app//com.consol.citrus.common.DefaultTestLoader.lambda$doLoad$1(DefaultTestLoader.java:116)
	at java.base@11.0.3/java.util.ArrayList.forEach(ArrayList.java:1540)
	at app//com.consol.citrus.common.DefaultTestLoader.doLoad(DefaultTestLoader.java:116)
	at app//com.consol.citrus.common.DefaultTestLoader.load(DefaultTestLoader.java:94)
	at app//com.consol.citrus.testng.TestNGHelper.invokeTestMethod(TestNGHelper.java:83)
	at app//com.consol.citrus.testng.spring.TestNGCitrusSpringSupport.run(TestNGCitrusSpringSupport.java:185)
	at app//com.consol.citrus.testng.spring.TestNGCitrusSpringSupport.run(TestNGCitrusSpringSupport.java:101)
	at app//org.testng.internal.invokers.MethodInvocationHelper.invokeHookable(MethodInvocationHelper.java:272)
	at app//org.testng.internal.invokers.TestInvoker.invokeMethod(TestInvoker.java:669)
	at app//org.testng.internal.invokers.TestInvoker.invokeTestMethod(TestInvoker.java:221)
	at app//org.testng.internal.invokers.MethodRunner.runInSequence(MethodRunner.java:50)
	at app//org.testng.internal.invokers.TestInvoker$MethodInvocationAgent.invoke(TestInvoker.java:969)
	at app//org.testng.internal.invokers.TestInvoker.invokeTestMethods(TestInvoker.java:194)
	at app//org.testng.internal.invokers.TestMethodWorker.invokeTestMethods(TestMethodWorker.java:148)
	at app//org.testng.internal.invokers.TestMethodWorker.run(TestMethodWorker.java:128)
	at java.base@11.0.3/java.util.ArrayList.forEach(ArrayList.java:1540)
	at app//org.testng.TestRunner.privateRun(TestRunner.java:829)
	at app//org.testng.TestRunner.run(TestRunner.java:602)
	at app//org.testng.SuiteRunner.runTest(SuiteRunner.java:437)
	at app//org.testng.SuiteRunner.runSequentially(SuiteRunner.java:431)
	at app//org.testng.SuiteRunner.privateRun(SuiteRunner.java:391)
	at app//org.testng.SuiteRunner.run(SuiteRunner.java:330)
	at app//org.testng.SuiteRunnerWorker.runSuite(SuiteRunnerWorker.java:52)
	at app//org.testng.SuiteRunnerWorker.run(SuiteRunnerWorker.java:95)
	at app//org.testng.TestNG.runSuitesSequentially(TestNG.java:1256)
	at app//org.testng.TestNG.runSuitesLocally(TestNG.java:1176)
	at app//org.testng.TestNG.runSuites(TestNG.java:1099)
	at app//org.testng.TestNG.run(TestNG.java:1067)
	at org.gradle.api.internal.tasks.testing.testng.TestNGTestClassProcessor.runTests(TestNGTestClassProcessor.java:153)
	at org.gradle.api.internal.tasks.testing.testng.TestNGTestClassProcessor.stop(TestNGTestClassProcessor.java:96)
	at org.gradle.api.internal.tasks.testing.SuiteTestClassProcessor.stop(SuiteTestClassProcessor.java:62)
	at java.base@11.0.3/jdk.internal.reflect.NativeMethodAccessorImpl.invoke0(Native Method)
	at java.base@11.0.3/jdk.internal.reflect.NativeMethodAccessorImpl.invoke(NativeMethodAccessorImpl.java:62)
	at java.base@11.0.3/jdk.internal.reflect.DelegatingMethodAccessorImpl.invoke(DelegatingMethodAccessorImpl.java:43)
	at java.base@11.0.3/java.lang.reflect.Method.invoke(Method.java:566)
	at org.gradle.internal.dispatch.ReflectionDispatch.dispatch(ReflectionDispatch.java:36)
	at org.gradle.internal.dispatch.ReflectionDispatch.dispatch(ReflectionDispatch.java:24)
	at org.gradle.internal.dispatch.ContextClassLoaderDispatch.dispatch(ContextClassLoaderDispatch.java:33)
	at org.gradle.internal.dispatch.ProxyDispatchAdapter$DispatchingInvocationHandler.invoke(ProxyDispatchAdapter.java:94)
	at com.sun.proxy.$Proxy2.stop(Unknown Source)
	at org.gradle.api.internal.tasks.testing.worker.TestWorker$3.run(TestWorker.java:193)
	at org.gradle.api.internal.tasks.testing.worker.TestWorker.executeAndMaintainThreadName(TestWorker.java:129)
	at org.gradle.api.internal.tasks.testing.worker.TestWorker.execute(TestWorker.java:100)
	at org.gradle.api.internal.tasks.testing.worker.TestWorker.execute(TestWorker.java:60)
	at org.gradle.process.internal.worker.child.ActionExecutionWorker.execute(ActionExecutionWorker.java:56)
	at org.gradle.process.internal.worker.child.SystemApplicationClassLoaderWorker.call(SystemApplicationClassLoaderWorker.java:119)
	at org.gradle.process.internal.worker.child.SystemApplicationClassLoaderWorker.call(SystemApplicationClassLoaderWorker.java:66)
	at app//worker.org.gradle.process.internal.worker.GradleWorkerMain.run(GradleWorkerMain.java:69)
	at app//worker.org.gradle.process.internal.worker.GradleWorkerMain.main(GradleWorkerMain.java:74)
Caused by: com.consol.citrus.exceptions.ValidationException: Validation failed: Values not equal for header element 'citrus_http_reason_phrase', expected 'BAD_REQUEST' but was 'OK'
	at app//com.consol.citrus.validation.DefaultHeaderValidator.validateHeader(DefaultHeaderValidator.java:79)
	at app//com.consol.citrus.validation.DefaultMessageHeaderValidator.validateMessage(DefaultMessageHeaderValidator.java:101)
	at app//com.consol.citrus.validation.DefaultMessageHeaderValidator.validateMessage(DefaultMessageHeaderValidator.java:44)
	at app//com.consol.citrus.validation.AbstractMessageValidator.validateMessage(AbstractMessageValidator.java:46)
	at app//com.consol.citrus.actions.ReceiveMessageAction.validateMessage(ReceiveMessageAction.java:279)
	at app//com.consol.citrus.actions.ReceiveMessageAction.doExecute(ReceiveMessageAction.java:168)
	at app//com.consol.citrus.actions.AbstractTestAction.execute(AbstractTestAction.java:59)
	at app//com.consol.citrus.DefaultTestCase.executeAction(DefaultTestCase.java:136)
	... 59 more
Caused by: java.lang.IllegalArgumentException: Values not equal for header element 'citrus_http_reason_phrase', expected 'BAD_REQUEST' but was 'OK'
	at org.springframework.util.Assert.isTrue(Assert.java:121)
	at com.consol.citrus.validation.DefaultHeaderValidator.validateHeader(DefaultHeaderValidator.java:66)
	... 66 more
</pre>
</span>
</div>
</div>
<div id="tab1" class="tab">
<h2>Tests</h2>
<table>
<thead>
<tr>
<th>Test</th>
<th>Duration</th>
<th>Result</th>
</tr>
</thead>
<tr>
<td class="success">updateColorAndHeightDuck[0](null)</td>
<td class="success">0.130s</td>
<td class="success">passed</td>
</tr>
<tr>
<td class="failures">updateColorAndSoundDuck[0](null)</td>
<td class="failures">0.064s</td>
<td class="failures">failed</td>
</tr>
</table>
</div>
<div id="tab2" class="tab">
<h2>Standard output</h2>
<span class="code">
<pre>08:50:48,486 DEBUG   util.TypeConverter| Using type converter 'spring'
08:50:48,488 INFO  port.LoggingReporter| 
08:50:48,488 INFO  port.LoggingReporter| ------------------------------------------------------------------------
08:50:48,488 DEBUG port.LoggingReporter| STARTING TEST DuckUpdateTest.updateColorAndHeightDuck &lt;autotests.tests.duckController&gt;
08:50:48,488 INFO  port.LoggingReporter| 
08:50:48,488 DEBUG trus.DefaultTestCase| Initializing test case
08:50:48,488 DEBUG  context.TestContext| Setting variable: citrus.test.name with value: 'DuckUpdateTest.updateColorAndHeightDuck'
08:50:48,488 DEBUG  context.TestContext| Setting variable: citrus.test.package with value: 'autotests.tests.duckController'
08:50:48,488 DEBUG trus.DefaultTestCase| Initializing test parameter 'arg0' as variable
08:50:48,488 DEBUG  context.TestContext| Setting variable: arg0 with value: 'com.consol.citrus.DefaultTestCaseRunner@159408a7'
08:50:48,489 DEBUG trus.DefaultTestCase| Test variables:
08:50:48,489 DEBUG trus.DefaultTestCase| citrus.test.package = autotests.tests.duckController
08:50:48,489 DEBUG trus.DefaultTestCase| arg0 = com.consol.citrus.DefaultTestCaseRunner@159408a7
08:50:48,489 DEBUG trus.DefaultTestCase| citrus.test.name = DuckUpdateTest.updateColorAndHeightDuck
08:50:48,489 DEBUG  context.TestContext| Setting variable: duckId with value: '146308573'
08:50:48,490 INFO  port.LoggingReporter| 
08:50:48,491 DEBUG port.LoggingReporter| TEST STEP 0: sql
08:50:48,491 DEBUG ons.ExecuteSQLAction| Executing SQL statement: insert into DUCK (id, color, height, material, sound, wings_state)
values (146308573, 'green', 0.15, 'rubber', 'quack','ACTIVE')
08:50:48,492 INFO  ons.ExecuteSQLAction| SQL statement execution successful
08:50:48,492 INFO  port.LoggingReporter| 
08:50:48,492 DEBUG port.LoggingReporter| TEST STEP 0 SUCCESS
08:50:48,499 INFO  port.LoggingReporter| 
08:50:48,499 DEBUG port.LoggingReporter| TEST STEP 0: DuckUpdateTest$$Lambda$669/0x00000001005ad840
08:50:48,499 INFO  port.LoggingReporter| 
08:50:48,499 DEBUG port.LoggingReporter| TEST STEP 0 SUCCESS
08:50:48,500 INFO  port.LoggingReporter| 
08:50:48,501 DEBUG port.LoggingReporter| TEST STEP 0: send
08:50:48,502 DEBUG ltCorrelationManager| Saving correlation key for 'citrus_message_correlator_yellowDuckService'
08:50:48,503 DEBUG  context.TestContext| Setting variable: citrus_message_correlator_yellowDuckService with value: 'citrus_message_id = '2030c890-83d0-49be-9daf-f31afd5aedb0''
08:50:48,503 DEBUG  context.TestContext| Setting variable: citrus_message_replyTo_citrus_message_correlator_yellowDuckService with value: 'http://localhost:2222/api/duck/update?color=yellow&amp;material=rubber&amp;sound=quack&amp;id=146308573&amp;height=0.1'
08:50:48,503 INFO     client.HttpClient| Sending HTTP message to: 'http://localhost:2222/api/duck/update?color=yellow&amp;material=rubber&amp;sound=quack&amp;id=146308573&amp;height=0.1'
08:50:48,503 DEBUG    client.HttpClient| Message to send:

08:50:48,505 DEBUG ingClientInterceptor| Sending Http request message
08:50:48,505 DEBUG   util.TypeConverter| Using type converter 'spring'
08:50:48,540 DEBUG ingClientInterceptor| Received Http response message
08:50:48,541 DEBUG   util.TypeConverter| Using type converter 'spring'
08:50:48,543 INFO     client.HttpClient| HTTP message was sent to endpoint: 'http://localhost:2222/api/duck/update?color=yellow&amp;material=rubber&amp;sound=quack&amp;id=146308573&amp;height=0.1'
08:50:48,545 DEBUG ltCorrelationManager| Saving correlated object for 'citrus_message_id = '2030c890-83d0-49be-9daf-f31afd5aedb0''
08:50:48,545 INFO  port.LoggingReporter| 
08:50:48,545 DEBUG port.LoggingReporter| TEST STEP 0 SUCCESS
08:50:48,546 INFO  port.LoggingReporter| 
08:50:48,547 DEBUG port.LoggingReporter| TEST STEP 0: receive
08:50:48,547 DEBUG ngCorrelationManager| Get correlation key for 'citrus_message_correlator_yellowDuckService'
08:50:48,547 DEBUG ltCorrelationManager| Finding correlated object for 'citrus_message_id = '2030c890-83d0-49be-9daf-f31afd5aedb0''
08:50:48,548 DEBUG ReceiveMessageAction| Received message:
HTTPMESSAGE [id: a687dce7-1fd4-4a80-9406-35a571dd0222, payload: {
  &quot;message&quot;: &quot;Duck with id = 146308573 is updated&quot;
}][headers: {Transfer-Encoding=chunked, Connection=keep-alive, contentType=application/json, Date=1738201848000, citrus_message_id=a687dce7-1fd4-4a80-9406-35a571dd0222, citrus_message_timestamp=1738201848545, Keep-Alive=timeout=60, Content-Type=application/json, citrus_http_status_code=200, citrus_http_reason_phrase=OK, citrus_http_version=HTTP/1.1}]
08:50:48,548 DEBUG ReceiveMessageAction| Control message:
HTTPMESSAGE [id: 33a481c2-5e97-4220-981c-357fd76a033f, payload: {

  &quot;message&quot;: &quot;Duck with id = 146308573 is updated&quot;
}][headers: {citrus_message_id=33a481c2-5e97-4220-981c-357fd76a033f, citrus_message_timestamp=1738201848546, citrus_http_reason_phrase=OK, citrus_http_status_code=200, Content-Type=application/json, citrus_message_type=XML}]
08:50:48,549 DEBUG ageValidatorRegistry| Found 3 message validators for message
08:50:48,549 DEBUG ssageHeaderValidator| Start message header validation ...
08:50:48,549 DEBUG faultHeaderValidator| Validating header element: citrus_http_reason_phrase='OK': OK.
08:50:48,549 DEBUG faultHeaderValidator| Validating header element: citrus_http_status_code='200': OK.
08:50:48,549 DEBUG faultHeaderValidator| Validating header element: Content-Type='application/json': OK.
08:50:48,549 INFO  ssageHeaderValidator| Message header validation successful: All values OK
08:50:48,549 DEBUG TextMessageValidator| Start JSON message validation ...
08:50:48,549 DEBUG JsonSchemaValidation| Starting Json schema validation ...
08:50:48,549 INFO  JsonSchemaValidation| Json schema validation successful: All values OK
08:50:48,550 DEBUG TextMessageValidator| Validation successful for JSON entry 'message' (Duck with id = 146308573 is updated)
08:50:48,550 INFO  TextMessageValidator| JSON message validation successful: All values OK
08:50:48,550 INFO  port.LoggingReporter| 
08:50:48,550 DEBUG port.LoggingReporter| TEST STEP 0 SUCCESS
08:50:48,570 INFO  port.LoggingReporter| 
08:50:48,570 DEBUG port.LoggingReporter| TEST STEP 0: sql-query
08:50:48,570 DEBUG xecuteSQLQueryAction| Executing SQL query: SELECT * FROM DUCK WHERE ID=146308573
08:50:48,607 INFO  xecuteSQLQueryAction| SQL query execution successful
08:50:48,608 DEBUG xecuteSQLQueryAction| Validation successful for column: 'COLOR' expected value: yellow - value OK
08:50:48,608 DEBUG xecuteSQLQueryAction| Validation successful for column: 'SOUND' expected value: quack - value OK
08:50:48,608 DEBUG xecuteSQLQueryAction| Validation successful for column: 'WINGS_STATE' expected value: ACTIVE - value OK
08:50:48,608 DEBUG xecuteSQLQueryAction| Validation successful for column: 'HEIGHT' expected value: 0.1 - value OK
08:50:48,608 DEBUG xecuteSQLQueryAction| Validation successful for column: 'MATERIAL' expected value: rubber - value OK
08:50:48,608 INFO  xecuteSQLQueryAction| SQL query validation successful: All values OK
08:50:48,609 DEBUG  context.TestContext| Setting variable: COLOR with value: 'yellow'
08:50:48,609 DEBUG  context.TestContext| Setting variable: SOUND with value: 'quack'
08:50:48,609 DEBUG  context.TestContext| Setting variable: ID with value: '146308573'
08:50:48,609 DEBUG  context.TestContext| Setting variable: WINGS_STATE with value: 'ACTIVE'
08:50:48,609 DEBUG  context.TestContext| Setting variable: HEIGHT with value: '0.1'
08:50:48,609 DEBUG  context.TestContext| Setting variable: MATERIAL with value: 'rubber'
08:50:48,609 INFO  port.LoggingReporter| 
08:50:48,609 DEBUG port.LoggingReporter| TEST STEP 0 SUCCESS
08:50:48,609 DEBUG trus.DefaultTestCase| Entering finally block in test case
08:50:48,609 INFO  port.LoggingReporter| 
08:50:48,609 DEBUG port.LoggingReporter| TEST STEP 0: DuckUpdateTest$$Lambda$668/0x00000001005ae440
08:50:48,609 INFO  port.LoggingReporter| 
08:50:48,609 DEBUG port.LoggingReporter| TEST STEP 0: sql
08:50:48,609 DEBUG ons.ExecuteSQLAction| Executing SQL statement: DELETE FROM DUCK WHERE ID=146308573
08:50:48,610 INFO  ons.ExecuteSQLAction| SQL statement execution successful
08:50:48,611 INFO  port.LoggingReporter| 
08:50:48,611 DEBUG port.LoggingReporter| TEST STEP 0 SUCCESS
08:50:48,611 INFO  port.LoggingReporter| 
08:50:48,611 DEBUG port.LoggingReporter| TEST STEP 0 SUCCESS
08:50:48,611 INFO  port.LoggingReporter| 
08:50:48,611 INFO  port.LoggingReporter| TEST SUCCESS DuckUpdateTest.updateColorAndHeightDuck (autotests.tests.duckController)
08:50:48,611 INFO  port.LoggingReporter| ------------------------------------------------------------------------
08:50:48,611 INFO  port.LoggingReporter| 
08:50:48,627 DEBUG   util.TypeConverter| Using type converter 'spring'
08:50:48,629 INFO  port.LoggingReporter| 
08:50:48,629 INFO  port.LoggingReporter| ------------------------------------------------------------------------
08:50:48,629 DEBUG port.LoggingReporter| STARTING TEST DuckUpdateTest.updateColorAndSoundDuck &lt;autotests.tests.duckController&gt;
08:50:48,629 INFO  port.LoggingReporter| 
08:50:48,629 DEBUG trus.DefaultTestCase| Initializing test case
08:50:48,629 DEBUG  context.TestContext| Setting variable: citrus.test.name with value: 'DuckUpdateTest.updateColorAndSoundDuck'
08:50:48,629 DEBUG  context.TestContext| Setting variable: citrus.test.package with value: 'autotests.tests.duckController'
08:50:48,629 DEBUG trus.DefaultTestCase| Initializing test parameter 'arg0' as variable
08:50:48,629 DEBUG  context.TestContext| Setting variable: arg0 with value: 'com.consol.citrus.DefaultTestCaseRunner@3a5b1af7'
08:50:48,629 DEBUG trus.DefaultTestCase| Test variables:
08:50:48,629 DEBUG trus.DefaultTestCase| citrus.test.package = autotests.tests.duckController
08:50:48,629 DEBUG trus.DefaultTestCase| arg0 = com.consol.citrus.DefaultTestCaseRunner@3a5b1af7
08:50:48,629 DEBUG trus.DefaultTestCase| citrus.test.name = DuckUpdateTest.updateColorAndSoundDuck
08:50:48,630 DEBUG  context.TestContext| Setting variable: duckId with value: '1919517812'
08:50:48,641 INFO  port.LoggingReporter| 
08:50:48,642 DEBUG port.LoggingReporter| TEST STEP 0: sql
08:50:48,656 DEBUG ons.ExecuteSQLAction| Executing SQL statement: insert into DUCK (id, color, height, material, sound, wings_state)
values (1919517812, 'yellow', 0.15, 'rubber', 'quack','ACTIVE')
08:50:48,657 INFO  ons.ExecuteSQLAction| SQL statement execution successful
08:50:48,657 INFO  port.LoggingReporter| 
08:50:48,657 DEBUG port.LoggingReporter| TEST STEP 0 SUCCESS
08:50:48,659 INFO  port.LoggingReporter| 
08:50:48,659 DEBUG port.LoggingReporter| TEST STEP 0: send
08:50:48,659 DEBUG ltCorrelationManager| Saving correlation key for 'citrus_message_correlator_yellowDuckService'
08:50:48,660 DEBUG  context.TestContext| Setting variable: citrus_message_correlator_yellowDuckService with value: 'citrus_message_id = 'cbe7c381-5279-4c7f-9b9a-aefa34bad6a4''
08:50:48,660 DEBUG  context.TestContext| Setting variable: citrus_message_replyTo_citrus_message_correlator_yellowDuckService with value: 'http://localhost:2222/api/duck/update?color=green&amp;material=rubber&amp;sound=meow&amp;id=1919517812&amp;height=0.15'
08:50:48,660 INFO     client.HttpClient| Sending HTTP message to: 'http://localhost:2222/api/duck/update?color=green&amp;material=rubber&amp;sound=meow&amp;id=1919517812&amp;height=0.15'
08:50:48,660 DEBUG    client.HttpClient| Message to send:

08:50:48,661 DEBUG ingClientInterceptor| Sending Http request message
08:50:48,661 DEBUG   util.TypeConverter| Using type converter 'spring'
08:50:48,675 DEBUG ingClientInterceptor| Received Http response message
08:50:48,675 DEBUG   util.TypeConverter| Using type converter 'spring'
08:50:48,676 INFO     client.HttpClient| HTTP message was sent to endpoint: 'http://localhost:2222/api/duck/update?color=green&amp;material=rubber&amp;sound=meow&amp;id=1919517812&amp;height=0.15'
08:50:48,678 DEBUG ltCorrelationManager| Saving correlated object for 'citrus_message_id = 'cbe7c381-5279-4c7f-9b9a-aefa34bad6a4''
08:50:48,678 INFO  port.LoggingReporter| 
08:50:48,678 DEBUG port.LoggingReporter| TEST STEP 0 SUCCESS
08:50:48,679 INFO  port.LoggingReporter| 
08:50:48,679 DEBUG port.LoggingReporter| TEST STEP 0: receive
08:50:48,679 DEBUG ngCorrelationManager| Get correlation key for 'citrus_message_correlator_yellowDuckService'
08:50:48,679 DEBUG ltCorrelationManager| Finding correlated object for 'citrus_message_id = 'cbe7c381-5279-4c7f-9b9a-aefa34bad6a4''
08:50:48,679 DEBUG ReceiveMessageAction| Received message:
HTTPMESSAGE [id: f1999dd6-e9ce-4b78-bb98-692acf1e491a, payload: {
  &quot;message&quot;: &quot;Duck with id = 1919517812 is updated&quot;
}][headers: {Transfer-Encoding=chunked, Connection=keep-alive, contentType=application/json, Date=1738201848000, citrus_message_id=f1999dd6-e9ce-4b78-bb98-692acf1e491a, citrus_message_timestamp=1738201848678, Keep-Alive=timeout=60, Content-Type=application/json, citrus_http_status_code=200, citrus_http_reason_phrase=OK, citrus_http_version=HTTP/1.1}]
08:50:48,680 DEBUG ReceiveMessageAction| Control message:
HTTPMESSAGE [id: 08fdeac6-adea-4b61-bbfe-40d9b82171e8, payload: {

@ignore@}][headers: {citrus_message_id=08fdeac6-adea-4b61-bbfe-40d9b82171e8, citrus_message_timestamp=1738201848679, citrus_http_reason_phrase=BAD_REQUEST, citrus_http_status_code=400, Content-Type=application/json, citrus_message_type=XML}]
08:50:48,680 DEBUG ageValidatorRegistry| Found 3 message validators for message
08:50:48,680 DEBUG ssageHeaderValidator| Start message header validation ...
08:50:48,683 DEBUG trus.DefaultTestCase| Entering finally block in test case
08:50:48,683 INFO  port.LoggingReporter| 
08:50:48,683 DEBUG port.LoggingReporter| TEST STEP 0: DuckUpdateTest$$Lambda$670/0x00000001005adc40
08:50:48,683 INFO  port.LoggingReporter| 
08:50:48,683 DEBUG port.LoggingReporter| TEST STEP 0: sql
08:50:48,684 DEBUG ons.ExecuteSQLAction| Executing SQL statement: DELETE FROM DUCK WHERE ID=1919517812
08:50:48,686 INFO  ons.ExecuteSQLAction| SQL statement execution successful
08:50:48,686 INFO  port.LoggingReporter| 
08:50:48,686 DEBUG port.LoggingReporter| TEST STEP 0 SUCCESS
08:50:48,686 INFO  port.LoggingReporter| 
08:50:48,686 DEBUG port.LoggingReporter| TEST STEP 0 SUCCESS
08:50:48,686 INFO  port.LoggingReporter| 
08:50:48,686 ERROR port.LoggingReporter| TEST FAILED DuckUpdateTest.updateColorAndSoundDuck &lt;autotests.tests.duckController&gt; Nested exception is: 
com.consol.citrus.exceptions.ValidationException: Validation failed: Values not equal for header element 'citrus_http_reason_phrase', expected 'BAD_REQUEST' but was 'OK'
	at com.consol.citrus.validation.DefaultHeaderValidator.validateHeader(DefaultHeaderValidator.java:79)
	at com.consol.citrus.validation.DefaultMessageHeaderValidator.validateMessage(DefaultMessageHeaderValidator.java:101)
	at com.consol.citrus.validation.DefaultMessageHeaderValidator.validateMessage(DefaultMessageHeaderValidator.java:44)
	at com.consol.citrus.validation.AbstractMessageValidator.validateMessage(AbstractMessageValidator.java:46)
	at com.consol.citrus.actions.ReceiveMessageAction.validateMessage(ReceiveMessageAction.java:279)
	at com.consol.citrus.actions.ReceiveMessageAction.doExecute(ReceiveMessageAction.java:168)
	at com.consol.citrus.actions.AbstractTestAction.execute(AbstractTestAction.java:59)
	at com.consol.citrus.DefaultTestCase.executeAction(DefaultTestCase.java:136)
	at com.consol.citrus.DefaultTestCaseRunner.run(DefaultTestCaseRunner.java:125)
	at com.consol.citrus.TestActionRunner.$(TestActionRunner.java:35)
	at autotests.clients.DuckActionsClient.validateResponse(DuckActionsClient.java:60)
	at autotests.tests.duckController.DuckUpdateTest.updateColorAndSoundDuck(DuckUpdateTest.java:55)
	at java.base/jdk.internal.reflect.NativeMethodAccessorImpl.invoke0(Native Method)
	at java.base/jdk.internal.reflect.NativeMethodAccessorImpl.invoke(NativeMethodAccessorImpl.java:62)
	at java.base/jdk.internal.reflect.DelegatingMethodAccessorImpl.invoke(DelegatingMethodAccessorImpl.java:43)
	at java.base/java.lang.reflect.Method.invoke(Method.java:566)
	at org.springframework.util.ReflectionUtils.invokeMethod(ReflectionUtils.java:282)
	at com.consol.citrus.testng.TestNGHelper.lambda$invokeTestMethod$1(TestNGHelper.java:82)
	at com.consol.citrus.common.DefaultTestLoader.lambda$doLoad$1(DefaultTestLoader.java:116)
	at java.base/java.util.ArrayList.forEach(ArrayList.java:1540)
	at com.consol.citrus.common.DefaultTestLoader.doLoad(DefaultTestLoader.java:116)
	at com.consol.citrus.common.DefaultTestLoader.load(DefaultTestLoader.java:94)
	at com.consol.citrus.testng.TestNGHelper.invokeTestMethod(TestNGHelper.java:83)
	at com.consol.citrus.testng.spring.TestNGCitrusSpringSupport.run(TestNGCitrusSpringSupport.java:185)
	at com.consol.citrus.testng.spring.TestNGCitrusSpringSupport.run(TestNGCitrusSpringSupport.java:101)
	at org.testng.internal.invokers.MethodInvocationHelper.invokeHookable(MethodInvocationHelper.java:272)
	at org.testng.internal.invokers.TestInvoker.invokeMethod(TestInvoker.java:669)
	at org.testng.internal.invokers.TestInvoker.invokeTestMethod(TestInvoker.java:221)
	at org.testng.internal.invokers.MethodRunner.runInSequence(MethodRunner.java:50)
	at org.testng.internal.invokers.TestInvoker$MethodInvocationAgent.invoke(TestInvoker.java:969)
	at org.testng.internal.invokers.TestInvoker.invokeTestMethods(TestInvoker.java:194)
	at org.testng.internal.invokers.TestMethodWorker.invokeTestMethods(TestMethodWorker.java:148)
	at org.testng.internal.invokers.TestMethodWorker.run(TestMethodWorker.java:128)
	at java.base/java.util.ArrayList.forEach(ArrayList.java:1540)
	at org.testng.TestRunner.privateRun(TestRunner.java:829)
	at org.testng.TestRunner.run(TestRunner.java:602)
	at org.testng.SuiteRunner.runTest(SuiteRunner.java:437)
	at org.testng.SuiteRunner.runSequentially(SuiteRunner.java:431)
	at org.testng.SuiteRunner.privateRun(SuiteRunner.java:391)
	at org.testng.SuiteRunner.run(SuiteRunner.java:330)
	at org.testng.SuiteRunnerWorker.runSuite(SuiteRunnerWorker.java:52)
	at org.testng.SuiteRunnerWorker.run(SuiteRunnerWorker.java:95)
	at org.testng.TestNG.runSuitesSequentially(TestNG.java:1256)
	at org.testng.TestNG.runSuitesLocally(TestNG.java:1176)
	at org.testng.TestNG.runSuites(TestNG.java:1099)
	at org.testng.TestNG.run(TestNG.java:1067)
	at org.gradle.api.internal.tasks.testing.testng.TestNGTestClassProcessor.runTests(TestNGTestClassProcessor.java:153)
	at org.gradle.api.internal.tasks.testing.testng.TestNGTestClassProcessor.stop(TestNGTestClassProcessor.java:96)
	at org.gradle.api.internal.tasks.testing.SuiteTestClassProcessor.stop(SuiteTestClassProcessor.java:62)
	at java.base/jdk.internal.reflect.NativeMethodAccessorImpl.invoke0(Native Method)
	at java.base/jdk.internal.reflect.NativeMethodAccessorImpl.invoke(NativeMethodAccessorImpl.java:62)
	at java.base/jdk.internal.reflect.DelegatingMethodAccessorImpl.invoke(DelegatingMethodAccessorImpl.java:43)
	at java.base/java.lang.reflect.Method.invoke(Method.java:566)
	at org.gradle.internal.dispatch.ReflectionDispatch.dispatch(ReflectionDispatch.java:36)
	at org.gradle.internal.dispatch.ReflectionDispatch.dispatch(ReflectionDispatch.java:24)
	at org.gradle.internal.dispatch.ContextClassLoaderDispatch.dispatch(ContextClassLoaderDispatch.java:33)
	at org.gradle.internal.dispatch.ProxyDispatchAdapter$DispatchingInvocationHandler.invoke(ProxyDispatchAdapter.java:94)
	at com.sun.proxy.$Proxy2.stop(Unknown Source)
	at org.gradle.api.internal.tasks.testing.worker.TestWorker$3.run(TestWorker.java:193)
	at org.gradle.api.internal.tasks.testing.worker.TestWorker.executeAndMaintainThreadName(TestWorker.java:129)
	at org.gradle.api.internal.tasks.testing.worker.TestWorker.execute(TestWorker.java:100)
	at org.gradle.api.internal.tasks.testing.worker.TestWorker.execute(TestWorker.java:60)
	at org.gradle.process.internal.worker.child.ActionExecutionWorker.execute(ActionExecutionWorker.java:56)
	at org.gradle.process.internal.worker.child.SystemApplicationClassLoaderWorker.call(SystemApplicationClassLoaderWorker.java:119)
	at org.gradle.process.internal.worker.child.SystemApplicationClassLoaderWorker.call(SystemApplicationClassLoaderWorker.java:66)
	at worker.org.gradle.process.internal.worker.GradleWorkerMain.run(GradleWorkerMain.java:69)
	at worker.org.gradle.process.internal.worker.GradleWorkerMain.main(GradleWorkerMain.java:74)
Caused by: java.lang.IllegalArgumentException: Values not equal for header element 'citrus_http_reason_phrase', expected 'BAD_REQUEST' but was 'OK'
	at org.springframework.util.Assert.isTrue(Assert.java:121)
	at com.consol.citrus.validation.DefaultHeaderValidator.validateHeader(DefaultHeaderValidator.java:66)
	... 66 more
08:50:48,687 INFO  port.LoggingReporter| ------------------------------------------------------------------------
08:50:48,687 INFO  port.LoggingReporter| 
</pre>
</span>
</div>
</div>
<div id="footer">
<p>
<div>
<label class="hidden" id="label-for-line-wrapping-toggle" for="line-wrapping-toggle">Wrap lines
<input id="line-wrapping-toggle" type="checkbox" autocomplete="off"/>
</label>
</div>Generated by 
<a href="http://www.gradle.org">Gradle 8.8</a> at 30 янв. 2025 г., 8:50:49</p>
</div>
</div>
</body>
</html>
